  main.cpp
d:\_cursuri\_anul_3_2015-2016\egc\tema4\tema4_egc\text-rendering--the-matrix-rainfall-\tema4_egc\include\glg\gameobject.hpp(84): warning C4305: 'initializing': truncation from 'double' to 'GLfloat'
d:\_cursuri\_anul_3_2015-2016\egc\tema4\tema4_egc\text-rendering--the-matrix-rainfall-\tema4_egc\include\glg\gameobject.hpp(85): warning C4305: 'initializing': truncation from 'double' to 'GLfloat'
d:\_cursuri\_anul_3_2015-2016\egc\tema4\tema4_egc\text-rendering--the-matrix-rainfall-\tema4_egc\main.cpp(46): warning C4018: '<': signed/unsigned mismatch
d:\_cursuri\_anul_3_2015-2016\egc\tema4\tema4_egc\text-rendering--the-matrix-rainfall-\tema4_egc\main.cpp(127): warning C4800: 'GLint': forcing value to bool 'true' or 'false' (performance warning)
d:\_cursuri\_anul_3_2015-2016\egc\tema4\tema4_egc\text-rendering--the-matrix-rainfall-\tema4_egc\main.cpp(128): warning C4244: 'argument': conversion from 'GLint' to 'float', possible loss of data
d:\_cursuri\_anul_3_2015-2016\egc\tema4\tema4_egc\text-rendering--the-matrix-rainfall-\tema4_egc\main.cpp(120): warning C4101: 'dy': unreferenced local variable
d:\_cursuri\_anul_3_2015-2016\egc\tema4\tema4_egc\text-rendering--the-matrix-rainfall-\tema4_egc\main.cpp(120): warning C4101: 'dx': unreferenced local variable
d:\_cursuri\_anul_3_2015-2016\egc\tema4\tema4_egc\text-rendering--the-matrix-rainfall-\tema4_egc\main.cpp(178): warning C4305: 'initializing': truncation from 'double' to 'GLfloat'
d:\_cursuri\_anul_3_2015-2016\egc\tema4\tema4_egc\text-rendering--the-matrix-rainfall-\tema4_egc\main.cpp(179): warning C4018: '<': signed/unsigned mismatch
d:\_cursuri\_anul_3_2015-2016\egc\tema4\tema4_egc\text-rendering--the-matrix-rainfall-\tema4_egc\main.cpp(208): warning C4305: '=': truncation from 'double' to 'GLfloat'
d:\_cursuri\_anul_3_2015-2016\egc\tema4\tema4_egc\text-rendering--the-matrix-rainfall-\tema4_egc\main.cpp(209): warning C4305: '=': truncation from 'double' to 'GLfloat'
d:\_cursuri\_anul_3_2015-2016\egc\tema4\tema4_egc\text-rendering--the-matrix-rainfall-\tema4_egc\main.cpp(214): warning C4305: '=': truncation from 'double' to 'GLfloat'
d:\_cursuri\_anul_3_2015-2016\egc\tema4\tema4_egc\text-rendering--the-matrix-rainfall-\tema4_egc\main.cpp(215): warning C4305: '=': truncation from 'double' to 'GLfloat'
d:\_cursuri\_anul_3_2015-2016\egc\tema4\tema4_egc\text-rendering--the-matrix-rainfall-\tema4_egc\main.cpp(220): warning C4305: '=': truncation from 'double' to 'GLfloat'
d:\_cursuri\_anul_3_2015-2016\egc\tema4\tema4_egc\text-rendering--the-matrix-rainfall-\tema4_egc\main.cpp(221): warning C4305: '=': truncation from 'double' to 'GLfloat'
d:\_cursuri\_anul_3_2015-2016\egc\tema4\tema4_egc\text-rendering--the-matrix-rainfall-\tema4_egc\main.cpp(260): warning C4244: 'argument': conversion from 'double' to 'GLfloat', possible loss of data
d:\_cursuri\_anul_3_2015-2016\egc\tema4\tema4_egc\text-rendering--the-matrix-rainfall-\tema4_egc\main.cpp(261): warning C4244: 'argument': conversion from 'double' to 'GLfloat', possible loss of data
d:\_cursuri\_anul_3_2015-2016\egc\tema4\tema4_egc\text-rendering--the-matrix-rainfall-\tema4_egc\main.cpp(264): warning C4244: 'argument': conversion from 'double' to 'GLfloat', possible loss of data
d:\_cursuri\_anul_3_2015-2016\egc\tema4\tema4_egc\text-rendering--the-matrix-rainfall-\tema4_egc\main.cpp(265): warning C4244: 'argument': conversion from 'double' to 'GLfloat', possible loss of data
d:\_cursuri\_anul_3_2015-2016\egc\tema4\tema4_egc\text-rendering--the-matrix-rainfall-\tema4_egc\main.cpp(267): warning C4244: 'argument': conversion from 'double' to 'GLfloat', possible loss of data
d:\_cursuri\_anul_3_2015-2016\egc\tema4\tema4_egc\text-rendering--the-matrix-rainfall-\tema4_egc\main.cpp(268): warning C4244: 'argument': conversion from 'double' to 'GLfloat', possible loss of data
d:\_cursuri\_anul_3_2015-2016\egc\tema4\tema4_egc\text-rendering--the-matrix-rainfall-\tema4_egc\main.cpp(357): warning C4244: '-=': conversion from 'GLdouble' to 'GLfloat', possible loss of data
d:\_cursuri\_anul_3_2015-2016\egc\tema4\tema4_egc\text-rendering--the-matrix-rainfall-\tema4_egc\main.cpp(366): warning C4244: '=': conversion from 'GLdouble' to 'GLfloat', possible loss of data
d:\_cursuri\_anul_3_2015-2016\egc\tema4\tema4_egc\text-rendering--the-matrix-rainfall-\tema4_egc\main.cpp(367): warning C4244: '=': conversion from 'GLdouble' to 'GLfloat', possible loss of data
d:\_cursuri\_anul_3_2015-2016\egc\tema4\tema4_egc\text-rendering--the-matrix-rainfall-\tema4_egc\main.cpp(371): warning C4244: 'initializing': conversion from 'GLdouble' to 'GLfloat', possible loss of data
d:\_cursuri\_anul_3_2015-2016\egc\tema4\tema4_egc\text-rendering--the-matrix-rainfall-\tema4_egc\main.cpp(372): warning C4244: 'initializing': conversion from 'GLdouble' to 'GLfloat', possible loss of data
d:\_cursuri\_anul_3_2015-2016\egc\tema4\tema4_egc\text-rendering--the-matrix-rainfall-\tema4_egc\main.cpp(373): warning C4244: '=': conversion from 'GLdouble' to 'GLfloat', possible loss of data
d:\_cursuri\_anul_3_2015-2016\egc\tema4\tema4_egc\text-rendering--the-matrix-rainfall-\tema4_egc\main.cpp(374): warning C4244: '=': conversion from 'GLdouble' to 'GLfloat', possible loss of data
d:\_cursuri\_anul_3_2015-2016\egc\tema4\tema4_egc\text-rendering--the-matrix-rainfall-\tema4_egc\main.cpp(396): warning C4244: 'argument': conversion from 'GLdouble' to 'GLfloat', possible loss of data
d:\_cursuri\_anul_3_2015-2016\egc\tema4\tema4_egc\text-rendering--the-matrix-rainfall-\tema4_egc\main.cpp(415): warning C4018: '<': signed/unsigned mismatch
d:\_cursuri\_anul_3_2015-2016\egc\tema4\tema4_egc\text-rendering--the-matrix-rainfall-\tema4_egc\main.cpp(421): warning C4800: 'GLint': forcing value to bool 'true' or 'false' (performance warning)
d:\_cursuri\_anul_3_2015-2016\egc\tema4\tema4_egc\text-rendering--the-matrix-rainfall-\tema4_egc\main.cpp(430): warning C4800: 'GLint': forcing value to bool 'true' or 'false' (performance warning)
d:\_cursuri\_anul_3_2015-2016\egc\tema4\tema4_egc\text-rendering--the-matrix-rainfall-\tema4_egc\main.cpp(431): warning C4244: '=': conversion from 'GLint' to 'float', possible loss of data
d:\_cursuri\_anul_3_2015-2016\egc\tema4\tema4_egc\text-rendering--the-matrix-rainfall-\tema4_egc\main.cpp(458): warning C4244: '+=': conversion from 'GLdouble' to 'GLfloat', possible loss of data
d:\_cursuri\_anul_3_2015-2016\egc\tema4\tema4_egc\text-rendering--the-matrix-rainfall-\tema4_egc\main.cpp(461): warning C4244: '+=': conversion from 'GLdouble' to 'GLfloat', possible loss of data
d:\_cursuri\_anul_3_2015-2016\egc\tema4\tema4_egc\text-rendering--the-matrix-rainfall-\tema4_egc\main.cpp(464): warning C4244: '+=': conversion from 'GLdouble' to 'GLfloat', possible loss of data
d:\_cursuri\_anul_3_2015-2016\egc\tema4\tema4_egc\text-rendering--the-matrix-rainfall-\tema4_egc\main.cpp(488): warning C4018: '<': signed/unsigned mismatch
  SOIL.lib(SOIL.obj) : MSIL .netmodule or module compiled with /GL found; restarting link with /LTCG; add /LTCG to the link command line to improve linker performance
LINK : warning LNK4075: ignoring '/INCREMENTAL' due to '/LTCG' specification
Camera.obj : warning LNK4075: ignoring '/EDITANDCONTINUE' due to '/OPT:LBR' specification
LINK : warning LNK4098: defaultlib 'LIBCMT' conflicts with use of other libs; use /NODEFAULTLIB:library
LINK : warning LNK4098: defaultlib 'MSVCRT' conflicts with use of other libs; use /NODEFAULTLIB:library
  Generating code
  Finished generating code
glfw3.lib(context.obj) : warning LNK4099: PDB 'glfw.pdb' was not found with 'glfw3.lib(context.obj)' or at 'D:\_Cursuri\_Anul_3_2015-2016\EGC\Tema4\Tema4_EGC\Text-Rendering--The-Matrix-Rainfall-\Debug\glfw.pdb'; linking object as if no debug info
glfw3.lib(init.obj) : warning LNK4099: PDB 'glfw.pdb' was not found with 'glfw3.lib(init.obj)' or at 'D:\_Cursuri\_Anul_3_2015-2016\EGC\Tema4\Tema4_EGC\Text-Rendering--The-Matrix-Rainfall-\Debug\glfw.pdb'; linking object as if no debug info
glfw3.lib(input.obj) : warning LNK4099: PDB 'glfw.pdb' was not found with 'glfw3.lib(input.obj)' or at 'D:\_Cursuri\_Anul_3_2015-2016\EGC\Tema4\Tema4_EGC\Text-Rendering--The-Matrix-Rainfall-\Debug\glfw.pdb'; linking object as if no debug info
glfw3.lib(monitor.obj) : warning LNK4099: PDB 'glfw.pdb' was not found with 'glfw3.lib(monitor.obj)' or at 'D:\_Cursuri\_Anul_3_2015-2016\EGC\Tema4\Tema4_EGC\Text-Rendering--The-Matrix-Rainfall-\Debug\glfw.pdb'; linking object as if no debug info
glfw3.lib(window.obj) : warning LNK4099: PDB 'glfw.pdb' was not found with 'glfw3.lib(window.obj)' or at 'D:\_Cursuri\_Anul_3_2015-2016\EGC\Tema4\Tema4_EGC\Text-Rendering--The-Matrix-Rainfall-\Debug\glfw.pdb'; linking object as if no debug info
glfw3.lib(win32_init.obj) : warning LNK4099: PDB 'glfw.pdb' was not found with 'glfw3.lib(win32_init.obj)' or at 'D:\_Cursuri\_Anul_3_2015-2016\EGC\Tema4\Tema4_EGC\Text-Rendering--The-Matrix-Rainfall-\Debug\glfw.pdb'; linking object as if no debug info
glfw3.lib(win32_monitor.obj) : warning LNK4099: PDB 'glfw.pdb' was not found with 'glfw3.lib(win32_monitor.obj)' or at 'D:\_Cursuri\_Anul_3_2015-2016\EGC\Tema4\Tema4_EGC\Text-Rendering--The-Matrix-Rainfall-\Debug\glfw.pdb'; linking object as if no debug info
glfw3.lib(win32_time.obj) : warning LNK4099: PDB 'glfw.pdb' was not found with 'glfw3.lib(win32_time.obj)' or at 'D:\_Cursuri\_Anul_3_2015-2016\EGC\Tema4\Tema4_EGC\Text-Rendering--The-Matrix-Rainfall-\Debug\glfw.pdb'; linking object as if no debug info
glfw3.lib(win32_tls.obj) : warning LNK4099: PDB 'glfw.pdb' was not found with 'glfw3.lib(win32_tls.obj)' or at 'D:\_Cursuri\_Anul_3_2015-2016\EGC\Tema4\Tema4_EGC\Text-Rendering--The-Matrix-Rainfall-\Debug\glfw.pdb'; linking object as if no debug info
glfw3.lib(win32_window.obj) : warning LNK4099: PDB 'glfw.pdb' was not found with 'glfw3.lib(win32_window.obj)' or at 'D:\_Cursuri\_Anul_3_2015-2016\EGC\Tema4\Tema4_EGC\Text-Rendering--The-Matrix-Rainfall-\Debug\glfw.pdb'; linking object as if no debug info
glfw3.lib(winmm_joystick.obj) : warning LNK4099: PDB 'glfw.pdb' was not found with 'glfw3.lib(winmm_joystick.obj)' or at 'D:\_Cursuri\_Anul_3_2015-2016\EGC\Tema4\Tema4_EGC\Text-Rendering--The-Matrix-Rainfall-\Debug\glfw.pdb'; linking object as if no debug info
glfw3.lib(wgl_context.obj) : warning LNK4099: PDB 'glfw.pdb' was not found with 'glfw3.lib(wgl_context.obj)' or at 'D:\_Cursuri\_Anul_3_2015-2016\EGC\Tema4\Tema4_EGC\Text-Rendering--The-Matrix-Rainfall-\Debug\glfw.pdb'; linking object as if no debug info
glew32s.lib(glew.obj) : warning LNK4099: PDB 'vc120.pdb' was not found with 'glew32s.lib(glew.obj)' or at 'D:\_Cursuri\_Anul_3_2015-2016\EGC\Tema4\Tema4_EGC\Text-Rendering--The-Matrix-Rainfall-\Debug\vc120.pdb'; linking object as if no debug info
  Tema4_EGC.vcxproj -> D:\_Cursuri\_Anul_3_2015-2016\EGC\Tema4\Tema4_EGC\Text-Rendering--The-Matrix-Rainfall-\Debug\Tema4_EGC.exe
  Tema4_EGC.vcxproj -> D:\_Cursuri\_Anul_3_2015-2016\EGC\Tema4\Tema4_EGC\Text-Rendering--The-Matrix-Rainfall-\Debug\Tema4_EGC.pdb (Partial PDB)
